<?xml version="1.0" encoding="UTF-8" standalone="no"?>
<testsuite errors="0" failures="1" name="io.cucumber.core.plugin.JUnitFormatter" skipped="0" tests="1" time="18.271">
    <testcase classname="feature to test New Home Loan (ENQUIRE) functionality" name="Validate New Home Loan (ENQUIRE) is working" time="18.096">
        <failure message="javascript error: Cannot read properties of null (reading 'shadowRoot')&#10;  (Session info: chrome=103.0.5060.114)&#10;Build info: version: '4.0.0-alpha-7', revision: 'de8579b6d5'&#10;System info: host: 'DESKTOP-LF2SCL5', ip: '192.168.100.37', os.name: 'Windows 11', os.arch: 'amd64', os.version: '10.0', java.version: '18.0.1.1'&#10;Driver info: org.openqa.selenium.chrome.ChromeDriver&#10;Capabilities {acceptInsecureCerts: false, browserName: chrome, browserVersion: 103.0.5060.114, chrome: {chromedriverVersion: 103.0.5060.53 (a1711811edd7..., userDataDir: C:\Users\mcielos\AppData\Lo...}, goog:chromeOptions: {debuggerAddress: localhost:53782}, javascriptEnabled: true, networkConnectionEnabled: false, pageLoadStrategy: normal, platform: WINDOWS, platformName: WINDOWS, proxy: Proxy(), setWindowRect: true, strictFileInteractability: false, timeouts: {implicit: 0, pageLoad: 300000, script: 30000}, unhandledPromptBehavior: dismiss and notify, webauthn:extension:credBlob: true, webauthn:extension:largeBlob: true, webauthn:virtualAuthenticators: true}&#10;Session ID: 034eb89b25b609fe647c71eef67afdf0" type="org.openqa.selenium.JavascriptException"><![CDATA[Given browser is open.......................................................passed
And user is on login page...................................................passed
When user go to Home loans..................................................passed
And user click Request a call back..........................................passed
And user click I need help call me back.....................................passed
And user click New home loans and next button...............................failed
And user select a loan Buying a new property and click next button..........skipped
Then provide if existing customer Yes and NAB ID 1234.......................skipped
And provide firstname Mark..................................................skipped
And provide lastname Cielos.................................................skipped
And provide state NSW.......................................................skipped
And provide phone 123456789.................................................skipped
And provide email markcielos@test.email.....................................skipped
And user take screenshot and close browser..................................skipped

StackTrace:
org.openqa.selenium.JavascriptException: javascript error: Cannot read properties of null (reading 'shadowRoot')
  (Session info: chrome=103.0.5060.114)
Build info: version: '4.0.0-alpha-7', revision: 'de8579b6d5'
System info: host: 'DESKTOP-LF2SCL5', ip: '192.168.100.37', os.name: 'Windows 11', os.arch: 'amd64', os.version: '10.0', java.version: '18.0.1.1'
Driver info: org.openqa.selenium.chrome.ChromeDriver
Capabilities {acceptInsecureCerts: false, browserName: chrome, browserVersion: 103.0.5060.114, chrome: {chromedriverVersion: 103.0.5060.53 (a1711811edd7..., userDataDir: C:\Users\mcielos\AppData\Lo...}, goog:chromeOptions: {debuggerAddress: localhost:53782}, javascriptEnabled: true, networkConnectionEnabled: false, pageLoadStrategy: normal, platform: WINDOWS, platformName: WINDOWS, proxy: Proxy(), setWindowRect: true, strictFileInteractability: false, timeouts: {implicit: 0, pageLoad: 300000, script: 30000}, unhandledPromptBehavior: dismiss and notify, webauthn:extension:credBlob: true, webauthn:extension:largeBlob: true, webauthn:virtualAuthenticators: true}
Session ID: 034eb89b25b609fe647c71eef67afdf0
	at java.base/jdk.internal.reflect.DirectConstructorHandleAccessor.newInstance(DirectConstructorHandleAccessor.java:67)
	at java.base/java.lang.reflect.Constructor.newInstanceWithCaller(Constructor.java:499)
	at java.base/java.lang.reflect.Constructor.newInstance(Constructor.java:483)
	at org.openqa.selenium.remote.codec.w3c.W3CHttpResponseCodec.createException(W3CHttpResponseCodec.java:196)
	at org.openqa.selenium.remote.codec.w3c.W3CHttpResponseCodec.decode(W3CHttpResponseCodec.java:129)
	at org.openqa.selenium.remote.codec.w3c.W3CHttpResponseCodec.decode(W3CHttpResponseCodec.java:53)
	at org.openqa.selenium.remote.HttpCommandExecutor.execute(HttpCommandExecutor.java:167)
	at org.openqa.selenium.remote.service.DriverCommandExecutor.execute(DriverCommandExecutor.java:123)
	at org.openqa.selenium.remote.RemoteWebDriver.execute(RemoteWebDriver.java:501)
	at org.openqa.selenium.remote.RemoteWebDriver.executeScript(RemoteWebDriver.java:436)
	at StepsDefinitions.Enquire_NewHomeLoan_Steps_PF.user_click_New_home_loans_and_next_button(Enquire_NewHomeLoan_Steps_PF.java:90)
	at âœ½.user click New home loans and next button(file:///C:/Users/mcielos/Desktop/MarkCielos_UI-API_test/src/test/resources/Features/Enquire_NewHomeLoan.feature:10)
]]></failure>
    </testcase>
</testsuite>
